Using pre-set license
Built from '2020.3/staging' branch; Version is '2020.3.11f1 (99c7afb366b3) revision 10078127'; Using compiler version '192528614'; Build Type 'Release'
OS: 'Windows 10 Pro; OS build 19043.1110; Version 2009; 64bit' Language: 'zh' Physical Memory: 32683 MB
BatchMode: 1, IsHumanControllingUs: 0, StartBugReporterOnCrash: 0, Is64bit: 1, IsPro: 0

 COMMAND LINE ARGUMENTS:
E:\Unity\2020.3.11f1\Editor\Unity.exe
-adb2
-batchMode
-noUpm
-name
AssetImportWorker1
-projectPath
C:/Users/40259/SunnyLand
-logFile
Logs/AssetImportWorker1.log
-srvPort
56673
Successfully changed project path to: C:/Users/40259/SunnyLand
C:/Users/40259/SunnyLand
Using Asset Import Pipeline V2.
Refreshing native plugins compatible for Editor in 43.90 ms, found 3 plugins.
Preloading 0 native plugins for Editor in 0.00 ms.
Initialize engine version: 2020.3.11f1 (99c7afb366b3)
[Subsystems] Discovering subsystems at path E:/Unity/2020.3.11f1/Editor/Data/Resources/UnitySubsystems
[Subsystems] Discovering subsystems at path C:/Users/40259/SunnyLand/Assets
GfxDevice: creating device client; threaded=0
Direct3D:
    Version:  Direct3D 11.0 [level 11.1]
    Renderer: AMD Radeon RX 6900 XT (ID=0x73bf)
    Vendor:   
    VRAM:     16081 MB
    Driver:   27.20.22001.14011
Shader 'Universal Render Pipeline/Particles/Lit': fallback shader 'Universal Render Pipeline/Particles/SimpleLit' not found
Initialize mono
Mono path[0] = 'E:/Unity/2020.3.11f1/Editor/Data/Managed'
Mono path[1] = 'E:/Unity/2020.3.11f1/Editor/Data/MonoBleedingEdge/lib/mono/unityjit'
Mono config path = 'E:/Unity/2020.3.11f1/Editor/Data/MonoBleedingEdge/etc'
Using monoOptions --debugger-agent=transport=dt_socket,embedding=1,server=y,suspend=n,address=127.0.0.1:56208
Begin MonoManager ReloadAssembly
Registering precompiled unity dll's ...
Register platform support module: E:/Unity/2020.3.11f1/Editor/Data/PlaybackEngines/WindowsStandaloneSupport/UnityEditor.WindowsStandalone.Extensions.dll
Registered in 0.000905 seconds.
Native extension for WindowsStandalone target not found
Refreshing native plugins compatible for Editor in 48.54 ms, found 3 plugins.
Preloading 0 native plugins for Editor in 0.00 ms.
Mono: successfully reloaded assembly
- Completed reload, in  0.979 seconds
Platform modules already initialized, skipping
Registering precompiled user dll's ...
Registered in 0.003788 seconds.
Begin MonoManager ReloadAssembly
Native extension for WindowsStandalone target not found
Refreshing native plugins compatible for Editor in 43.74 ms, found 3 plugins.
Preloading 0 native plugins for Editor in 0.00 ms.
Mono: successfully reloaded assembly
- Completed reload, in  1.003 seconds
Platform modules already initialized, skipping
========================================================================
Worker process is ready to serve import requests
Shader 'Universal Render Pipeline/Particles/Lit': fallback shader 'Universal Render Pipeline/Particles/SimpleLit' not found
Launched and connected shader compiler UnityShaderCompiler.exe after 0.04 seconds
Refreshing native plugins compatible for Editor in 0.57 ms, found 3 plugins.
Preloading 0 native plugins for Editor in 0.00 ms.
Unloading 3404 Unused Serialized files (Serialized files now loaded: 0)
System memory in use before: 158.5 MB.
System memory in use after: 158.6 MB.

Unloading 34 unused Assets to reduce memory usage. Loaded Objects now: 3841.
Total: 2.578121 ms (FindLiveObjects: 0.265956 ms CreateObjectMapping: 0.105041 ms MarkObjects: 2.086369 ms  DeleteObjects: 0.114959 ms)

========================================================================
Received Import Request.
  path: Assets/AudioMixer.mixer
  artifactKey: Guid(7b07d2230b6d99d46bf38746bee0d68a) Importer(815301076,1909f56bfc062723c751e8b465ee728b)
Start importing Assets/AudioMixer.mixer using Guid(7b07d2230b6d99d46bf38746bee0d68a) Importer(815301076,1909f56bfc062723c751e8b465ee728b)  -> (artifact id: 'dc718e492a4896c9d4a6127268dba772') in 0.022097 seconds
  Import took 0.026057 seconds .

========================================================================
Received Prepare
Registering precompiled user dll's ...
Registered in 0.003578 seconds.
Begin MonoManager ReloadAssembly
Native extension for WindowsStandalone target not found
Refreshing native plugins compatible for Editor in 0.57 ms, found 3 plugins.
Preloading 0 native plugins for Editor in 0.00 ms.
Mono: successfully reloaded assembly
- Completed reload, in  0.938 seconds
Platform modules already initialized, skipping
Shader 'Universal Render Pipeline/Particles/Lit': fallback shader 'Universal Render Pipeline/Particles/SimpleLit' not found
Refreshing native plugins compatible for Editor in 0.55 ms, found 3 plugins.
Preloading 0 native plugins for Editor in 0.00 ms.
Unloading 3280 Unused Serialized files (Serialized files now loaded: 0)
System memory in use before: 150.2 MB.
System memory in use after: 150.3 MB.

Unloading 23 unused Assets to reduce memory usage. Loaded Objects now: 3845.
Total: 2.409594 ms (FindLiveObjects: 0.265467 ms CreateObjectMapping: 0.106019 ms MarkObjects: 1.942216 ms  DeleteObjects: 0.091213 ms)

========================================================================
Received Prepare
Registering precompiled user dll's ...
Registered in 0.003672 seconds.
Begin MonoManager ReloadAssembly
Native extension for WindowsStandalone target not found
Refreshing native plugins compatible for Editor in 0.59 ms, found 3 plugins.
Preloading 0 native plugins for Editor in 0.00 ms.
Mono: successfully reloaded assembly
- Completed reload, in  0.919 seconds
Platform modules already initialized, skipping
Shader 'Universal Render Pipeline/Particles/Lit': fallback shader 'Universal Render Pipeline/Particles/SimpleLit' not found
Refreshing native plugins compatible for Editor in 0.60 ms, found 3 plugins.
Preloading 0 native plugins for Editor in 0.00 ms.
Unloading 3280 Unused Serialized files (Serialized files now loaded: 0)
System memory in use before: 150.3 MB.
System memory in use after: 150.4 MB.

Unloading 23 unused Assets to reduce memory usage. Loaded Objects now: 3849.
Total: 2.535937 ms (FindLiveObjects: 0.238927 ms CreateObjectMapping: 0.104133 ms MarkObjects: 2.084134 ms  DeleteObjects: 0.103086 ms)

========================================================================
Received Prepare
Registering precompiled user dll's ...
Registered in 0.003856 seconds.
Begin MonoManager ReloadAssembly
Native extension for WindowsStandalone target not found
Refreshing native plugins compatible for Editor in 0.71 ms, found 3 plugins.
Preloading 0 native plugins for Editor in 0.00 ms.
Mono: successfully reloaded assembly
- Completed reload, in  0.987 seconds
Platform modules already initialized, skipping
Shader 'Universal Render Pipeline/Particles/Lit': fallback shader 'Universal Render Pipeline/Particles/SimpleLit' not found
Refreshing native plugins compatible for Editor in 0.58 ms, found 3 plugins.
Preloading 0 native plugins for Editor in 0.00 ms.
Unloading 3280 Unused Serialized files (Serialized files now loaded: 0)
System memory in use before: 150.3 MB.
System memory in use after: 150.4 MB.

Unloading 23 unused Assets to reduce memory usage. Loaded Objects now: 3853.
Total: 2.753073 ms (FindLiveObjects: 0.318895 ms CreateObjectMapping: 0.157492 ms MarkObjects: 2.166407 ms  DeleteObjects: 0.103644 ms)

========================================================================
Received Prepare
Registering precompiled user dll's ...
Registered in 0.003748 seconds.
Begin MonoManager ReloadAssembly
Native extension for WindowsStandalone target not found
Refreshing native plugins compatible for Editor in 0.64 ms, found 3 plugins.
Preloading 0 native plugins for Editor in 0.00 ms.
Mono: successfully reloaded assembly
- Completed reload, in  0.953 seconds
Platform modules already initialized, skipping
Shader 'Universal Render Pipeline/Particles/Lit': fallback shader 'Universal Render Pipeline/Particles/SimpleLit' not found
Refreshing native plugins compatible for Editor in 0.60 ms, found 3 plugins.
Preloading 0 native plugins for Editor in 0.00 ms.
Unloading 3280 Unused Serialized files (Serialized files now loaded: 0)
System memory in use before: 150.3 MB.
System memory in use after: 150.4 MB.

Unloading 23 unused Assets to reduce memory usage. Loaded Objects now: 3857.
Total: 2.564292 ms (FindLiveObjects: 0.292425 ms CreateObjectMapping: 0.139962 ms MarkObjects: 2.028749 ms  DeleteObjects: 0.097498 ms)

========================================================================
Received Prepare
Registering precompiled user dll's ...
Registered in 0.003793 seconds.
Begin MonoManager ReloadAssembly
Native extension for WindowsStandalone target not found
Refreshing native plugins compatible for Editor in 0.57 ms, found 3 plugins.
Preloading 0 native plugins for Editor in 0.00 ms.
Mono: successfully reloaded assembly
- Completed reload, in  0.956 seconds
Platform modules already initialized, skipping
Shader 'Universal Render Pipeline/Particles/Lit': fallback shader 'Universal Render Pipeline/Particles/SimpleLit' not found
Refreshing native plugins compatible for Editor in 0.56 ms, found 3 plugins.
Preloading 0 native plugins for Editor in 0.00 ms.
Unloading 3280 Unused Serialized files (Serialized files now loaded: 0)
System memory in use before: 150.3 MB.
System memory in use after: 150.4 MB.

Unloading 23 unused Assets to reduce memory usage. Loaded Objects now: 3861.
Total: 2.376908 ms (FindLiveObjects: 0.249822 ms CreateObjectMapping: 0.101689 ms MarkObjects: 1.929365 ms  DeleteObjects: 0.091352 ms)

========================================================================
Received Prepare
Registering precompiled user dll's ...
Registered in 0.003907 seconds.
Begin MonoManager ReloadAssembly
Native extension for WindowsStandalone target not found
Refreshing native plugins compatible for Editor in 0.57 ms, found 3 plugins.
Preloading 0 native plugins for Editor in 0.00 ms.
Mono: successfully reloaded assembly
- Completed reload, in  0.898 seconds
Platform modules already initialized, skipping
Shader 'Universal Render Pipeline/Particles/Lit': fallback shader 'Universal Render Pipeline/Particles/SimpleLit' not found
Refreshing native plugins compatible for Editor in 0.59 ms, found 3 plugins.
Preloading 0 native plugins for Editor in 0.00 ms.
Unloading 3280 Unused Serialized files (Serialized files now loaded: 0)
System memory in use before: 150.4 MB.
System memory in use after: 150.5 MB.

Unloading 23 unused Assets to reduce memory usage. Loaded Objects now: 3865.
Total: 2.492356 ms (FindLiveObjects: 0.245073 ms CreateObjectMapping: 0.095124 ms MarkObjects: 2.051867 ms  DeleteObjects: 0.095543 ms)

========================================================================
Received Import Request.
  Time since last request: 1666.081302 seconds.
  path: Assets/Scenes/GameOver.unity
  artifactKey: Guid(065749d7f32f6ee4cbcc3d6a717df049) Importer(815301076,1909f56bfc062723c751e8b465ee728b)
Start importing Assets/Scenes/GameOver.unity using Guid(065749d7f32f6ee4cbcc3d6a717df049) Importer(815301076,1909f56bfc062723c751e8b465ee728b)  -> (artifact id: '529d8687561d71042a26ccbc8b1f4f90') in 0.010769 seconds
  Import took 0.015030 seconds .

========================================================================
Received Import Request.
  Time since last request: 0.000289 seconds.
  path: Assets/Scenes/GameOver.unity
  artifactKey: Guid(065749d7f32f6ee4cbcc3d6a717df049) Importer(815301076,1909f56bfc062723c751e8b465ee728b)
Start importing Assets/Scenes/GameOver.unity using Guid(065749d7f32f6ee4cbcc3d6a717df049) Importer(815301076,1909f56bfc062723c751e8b465ee728b)  -> (artifact id: '529d8687561d71042a26ccbc8b1f4f90') in 0.001733 seconds
  Import took 0.005009 seconds .

========================================================================
Received Import Request.
  Time since last request: 22.717700 seconds.
  path: Assets/Scenes/Menu.unity
  artifactKey: Guid(4b7bbca9508fd634aaecf77cc92f4037) Importer(815301076,1909f56bfc062723c751e8b465ee728b)
Start importing Assets/Scenes/Menu.unity using Guid(4b7bbca9508fd634aaecf77cc92f4037) Importer(815301076,1909f56bfc062723c751e8b465ee728b)  -> (artifact id: '63d76ab54b895182c85acead0b4619f6') in 0.002186 seconds
  Import took 0.005913 seconds .

========================================================================
Received Import Request.
  Time since last request: 3.830298 seconds.
  path: Assets/Scenes/FirstScene.unity
  artifactKey: Guid(2cda990e2423bbf4892e6590ba056729) Importer(815301076,1909f56bfc062723c751e8b465ee728b)
Start importing Assets/Scenes/FirstScene.unity using Guid(2cda990e2423bbf4892e6590ba056729) Importer(815301076,1909f56bfc062723c751e8b465ee728b)  -> (artifact id: 'd026e6f22b17923f4c7a8e9b4e273eda') in 0.001934 seconds
  Import took 0.005535 seconds .

========================================================================
Received Import Request.
  Time since last request: 32.958341 seconds.
  path: Assets/Scenes/Menu 1.unity
  artifactKey: Guid(868bc15af13282e46a4af97113b73d12) Importer(815301076,1909f56bfc062723c751e8b465ee728b)
Start importing Assets/Scenes/Menu 1.unity using Guid(868bc15af13282e46a4af97113b73d12) Importer(815301076,1909f56bfc062723c751e8b465ee728b)  -> (artifact id: 'ea12c596f044cd7ab049d168c74f456a') in 0.002131 seconds
  Import took 0.005967 seconds .

========================================================================
Received Import Request.
  Time since last request: 8.651959 seconds.
  path: Assets/Scenes/GameOver.unity
  artifactKey: Guid(868bc15af13282e46a4af97113b73d12) Importer(815301076,1909f56bfc062723c751e8b465ee728b)
Start importing Assets/Scenes/GameOver.unity using Guid(868bc15af13282e46a4af97113b73d12) Importer(815301076,1909f56bfc062723c751e8b465ee728b)  -> (artifact id: '3079bf516b29f3a9e8bd6ae04ee12c93') in 0.001937 seconds
  Import took 0.005487 seconds .

========================================================================
Received Import Request.
  Time since last request: 34.979280 seconds.
  path: Assets/Scenes/BossScene
  artifactKey: Guid(82204da9a661f8344947e2b55c6e0061) Importer(815301076,1909f56bfc062723c751e8b465ee728b)
Start importing Assets/Scenes/BossScene using Guid(82204da9a661f8344947e2b55c6e0061) Importer(815301076,1909f56bfc062723c751e8b465ee728b)  -> (artifact id: '6a00966ea457ef0adce1c7aaec1ab56a') in 0.002616 seconds
  Import took 0.006734 seconds .

========================================================================
Received Import Request.
  Time since last request: 0.356892 seconds.
  path: Assets/Scenes/BossScene.unity
  artifactKey: Guid(92f18a3473a4cad42ac228107a523eca) Importer(815301076,1909f56bfc062723c751e8b465ee728b)
Start importing Assets/Scenes/BossScene.unity using Guid(92f18a3473a4cad42ac228107a523eca) Importer(815301076,1909f56bfc062723c751e8b465ee728b)  -> (artifact id: '0f5774055a7731369f874214d7eda3a1') in 0.002566 seconds
  Import took 0.006380 seconds .

========================================================================
Received Prepare
Shader 'Universal Render Pipeline/Particles/Lit': fallback shader 'Universal Render Pipeline/Particles/SimpleLit' not found
Refreshing native plugins compatible for Editor in 3.56 ms, found 3 plugins.
Preloading 0 native plugins for Editor in 0.00 ms.
Unloading 20 Unused Serialized files (Serialized files now loaded: 0)
System memory in use before: 86.0 MB.
System memory in use after: 86.1 MB.

Unloading 20 unused Assets to reduce memory usage. Loaded Objects now: 3865.
Total: 2.601238 ms (FindLiveObjects: 0.253105 ms CreateObjectMapping: 0.068235 ms MarkObjects: 2.182470 ms  DeleteObjects: 0.092330 ms)

========================================================================
Received Prepare
Registering precompiled user dll's ...
Registered in 0.003537 seconds.
Begin MonoManager ReloadAssembly
Native extension for WindowsStandalone target not found
Refreshing native plugins compatible for Editor in 0.57 ms, found 3 plugins.
Preloading 0 native plugins for Editor in 0.00 ms.
Mono: successfully reloaded assembly
- Completed reload, in  0.891 seconds
Platform modules already initialized, skipping
Shader 'Universal Render Pipeline/Particles/Lit': fallback shader 'Universal Render Pipeline/Particles/SimpleLit' not found
Refreshing native plugins compatible for Editor in 0.55 ms, found 3 plugins.
Preloading 0 native plugins for Editor in 0.00 ms.
Unloading 3280 Unused Serialized files (Serialized files now loaded: 0)
System memory in use before: 150.4 MB.
System memory in use after: 150.5 MB.

Unloading 23 unused Assets to reduce memory usage. Loaded Objects now: 3869.
Total: 2.537753 ms (FindLiveObjects: 0.311352 ms CreateObjectMapping: 0.144711 ms MarkObjects: 1.978115 ms  DeleteObjects: 0.098825 ms)

========================================================================
Received Prepare
Registering precompiled user dll's ...
Registered in 0.003715 seconds.
Begin MonoManager ReloadAssembly
Native extension for WindowsStandalone target not found
Refreshing native plugins compatible for Editor in 0.57 ms, found 3 plugins.
Preloading 0 native plugins for Editor in 0.00 ms.
Mono: successfully reloaded assembly
- Completed reload, in  0.883 seconds
Platform modules already initialized, skipping
Shader 'Universal Render Pipeline/Particles/Lit': fallback shader 'Universal Render Pipeline/Particles/SimpleLit' not found
Refreshing native plugins compatible for Editor in 0.55 ms, found 3 plugins.
Preloading 0 native plugins for Editor in 0.00 ms.
Unloading 3280 Unused Serialized files (Serialized files now loaded: 0)
System memory in use before: 150.4 MB.
System memory in use after: 150.5 MB.

Unloading 23 unused Assets to reduce memory usage. Loaded Objects now: 3873.
Total: 2.602635 ms (FindLiveObjects: 0.249822 ms CreateObjectMapping: 0.097848 ms MarkObjects: 2.161238 ms  DeleteObjects: 0.088908 ms)

AssetImportWorkerClient::OnTransportError - code=2 error=End of file
