Using pre-set license
Built from '2020.3/staging' branch; Version is '2020.3.11f1 (99c7afb366b3) revision 10078127'; Using compiler version '192528614'; Build Type 'Release'
OS: 'Windows 10 Pro; OS build 19043.1110; Version 2009; 64bit' Language: 'zh' Physical Memory: 32683 MB
BatchMode: 1, IsHumanControllingUs: 0, StartBugReporterOnCrash: 0, Is64bit: 1, IsPro: 0

 COMMAND LINE ARGUMENTS:
E:\Unity\2020.3.11f1\Editor\Unity.exe
-adb2
-batchMode
-noUpm
-name
AssetImportWorker0
-projectPath
C:/Users/40259/SunnyLand
-logFile
Logs/AssetImportWorker0.log
-srvPort
59107
Successfully changed project path to: C:/Users/40259/SunnyLand
C:/Users/40259/SunnyLand
Using Asset Import Pipeline V2.
Refreshing native plugins compatible for Editor in 31.74 ms, found 3 plugins.
Preloading 0 native plugins for Editor in 0.00 ms.
Initialize engine version: 2020.3.11f1 (99c7afb366b3)
[Subsystems] Discovering subsystems at path E:/Unity/2020.3.11f1/Editor/Data/Resources/UnitySubsystems
[Subsystems] Discovering subsystems at path C:/Users/40259/SunnyLand/Assets
GfxDevice: creating device client; threaded=0
Direct3D:
    Version:  Direct3D 11.0 [level 11.1]
    Renderer: AMD Radeon RX 6900 XT (ID=0x73bf)
    Vendor:   
    VRAM:     16081 MB
    Driver:   27.20.22001.14011
Initialize mono
Mono path[0] = 'E:/Unity/2020.3.11f1/Editor/Data/Managed'
Mono path[1] = 'E:/Unity/2020.3.11f1/Editor/Data/MonoBleedingEdge/lib/mono/unityjit'
Mono config path = 'E:/Unity/2020.3.11f1/Editor/Data/MonoBleedingEdge/etc'
Using monoOptions --debugger-agent=transport=dt_socket,embedding=1,server=y,suspend=n,address=127.0.0.1:56216
Begin MonoManager ReloadAssembly
Registering precompiled unity dll's ...
Register platform support module: E:/Unity/2020.3.11f1/Editor/Data/PlaybackEngines/WindowsStandaloneSupport/UnityEditor.WindowsStandalone.Extensions.dll
Registered in 0.000936 seconds.
Native extension for WindowsStandalone target not found
Refreshing native plugins compatible for Editor in 30.68 ms, found 3 plugins.
Preloading 0 native plugins for Editor in 0.00 ms.
Mono: successfully reloaded assembly
- Completed reload, in  0.980 seconds
Platform modules already initialized, skipping
Registering precompiled user dll's ...
Registered in 0.003540 seconds.
Begin MonoManager ReloadAssembly
Native extension for WindowsStandalone target not found
Refreshing native plugins compatible for Editor in 33.98 ms, found 3 plugins.
Preloading 0 native plugins for Editor in 0.00 ms.
Mono: successfully reloaded assembly
- Completed reload, in  1.000 seconds
Platform modules already initialized, skipping
========================================================================
Worker process is ready to serve import requests
Launched and connected shader compiler UnityShaderCompiler.exe after 0.04 seconds
Refreshing native plugins compatible for Editor in 0.42 ms, found 3 plugins.
Preloading 0 native plugins for Editor in 0.00 ms.
Unloading 2242 Unused Serialized files (Serialized files now loaded: 0)
System memory in use before: 108.3 MB.
System memory in use after: 108.2 MB.

Unloading 33 unused Assets to reduce memory usage. Loaded Objects now: 2678.
Total: 2.102083 ms (FindLiveObjects: 0.200654 ms CreateObjectMapping: 0.067606 ms MarkObjects: 1.733461 ms  DeleteObjects: 0.094565 ms)

========================================================================
Received Import Request.
  path: Assets/Script/Enter.cs
  artifactKey: Guid(6c26962dd426c794e81a19eba19bbedd) Importer(815301076,1909f56bfc062723c751e8b465ee728b)
Start importing Assets/Script/Enter.cs using Guid(6c26962dd426c794e81a19eba19bbedd) Importer(815301076,1909f56bfc062723c751e8b465ee728b)  -> (artifact id: 'f7b4c111776954641ddbd2bae6bcd02e') in 0.015723 seconds
  Import took 0.018175 seconds .

========================================================================
Received Prepare
Registering precompiled user dll's ...
Registered in 0.003491 seconds.
Begin MonoManager ReloadAssembly
Native extension for WindowsStandalone target not found
Refreshing native plugins compatible for Editor in 0.45 ms, found 3 plugins.
Preloading 0 native plugins for Editor in 0.00 ms.
Mono: successfully reloaded assembly
- Completed reload, in  0.825 seconds
Platform modules already initialized, skipping
Refreshing native plugins compatible for Editor in 0.40 ms, found 3 plugins.
Preloading 0 native plugins for Editor in 0.00 ms.
Unloading 2235 Unused Serialized files (Serialized files now loaded: 0)
System memory in use before: 108.2 MB.
System memory in use after: 108.2 MB.

Unloading 22 unused Assets to reduce memory usage. Loaded Objects now: 2682.
Total: 1.805397 ms (FindLiveObjects: 0.147156 ms CreateObjectMapping: 0.049238 ms MarkObjects: 1.525822 ms  DeleteObjects: 0.078502 ms)

========================================================================
Received Prepare
Registering precompiled user dll's ...
Registered in 0.003209 seconds.
Begin MonoManager ReloadAssembly
Native extension for WindowsStandalone target not found
Refreshing native plugins compatible for Editor in 0.44 ms, found 3 plugins.
Preloading 0 native plugins for Editor in 0.00 ms.
Mono: successfully reloaded assembly
- Completed reload, in  0.850 seconds
Platform modules already initialized, skipping
Refreshing native plugins compatible for Editor in 0.41 ms, found 3 plugins.
Preloading 0 native plugins for Editor in 0.00 ms.
Unloading 2235 Unused Serialized files (Serialized files now loaded: 0)
System memory in use before: 108.3 MB.
System memory in use after: 108.2 MB.

Unloading 22 unused Assets to reduce memory usage. Loaded Objects now: 2686.
Total: 1.736394 ms (FindLiveObjects: 0.154698 ms CreateObjectMapping: 0.040648 ms MarkObjects: 1.456749 ms  DeleteObjects: 0.078571 ms)

========================================================================
Received Prepare
Registering precompiled user dll's ...
Registered in 0.003175 seconds.
Begin MonoManager ReloadAssembly
Native extension for WindowsStandalone target not found
Refreshing native plugins compatible for Editor in 0.42 ms, found 3 plugins.
Preloading 0 native plugins for Editor in 0.00 ms.
Mono: successfully reloaded assembly
- Completed reload, in  0.835 seconds
Platform modules already initialized, skipping
Refreshing native plugins compatible for Editor in 0.38 ms, found 3 plugins.
Preloading 0 native plugins for Editor in 0.00 ms.
Unloading 2235 Unused Serialized files (Serialized files now loaded: 0)
System memory in use before: 108.3 MB.
System memory in use after: 108.3 MB.

Unloading 22 unused Assets to reduce memory usage. Loaded Objects now: 2690.
Total: 1.787937 ms (FindLiveObjects: 0.143873 ms CreateObjectMapping: 0.051473 ms MarkObjects: 1.513461 ms  DeleteObjects: 0.074311 ms)

========================================================================
Received Prepare
Registering precompiled user dll's ...
Registered in 0.003347 seconds.
Begin MonoManager ReloadAssembly
Native extension for WindowsStandalone target not found
Refreshing native plugins compatible for Editor in 0.44 ms, found 3 plugins.
Preloading 0 native plugins for Editor in 0.00 ms.
Mono: successfully reloaded assembly
- Completed reload, in  0.864 seconds
Platform modules already initialized, skipping
Refreshing native plugins compatible for Editor in 0.49 ms, found 3 plugins.
Preloading 0 native plugins for Editor in 0.00 ms.
Unloading 2235 Unused Serialized files (Serialized files now loaded: 0)
System memory in use before: 108.3 MB.
System memory in use after: 108.3 MB.

Unloading 22 unused Assets to reduce memory usage. Loaded Objects now: 2694.
Total: 1.943124 ms (FindLiveObjects: 0.188781 ms CreateObjectMapping: 0.058178 ms MarkObjects: 1.607676 ms  DeleteObjects: 0.082762 ms)

========================================================================
Received Prepare
Registering precompiled user dll's ...
Registered in 0.003029 seconds.
Begin MonoManager ReloadAssembly
Native extension for WindowsStandalone target not found
Refreshing native plugins compatible for Editor in 0.41 ms, found 3 plugins.
Preloading 0 native plugins for Editor in 0.00 ms.
Mono: successfully reloaded assembly
- Completed reload, in  0.829 seconds
Platform modules already initialized, skipping
Refreshing native plugins compatible for Editor in 0.39 ms, found 3 plugins.
Preloading 0 native plugins for Editor in 0.00 ms.
Unloading 2235 Unused Serialized files (Serialized files now loaded: 0)
System memory in use before: 108.2 MB.
System memory in use after: 108.2 MB.

Unloading 22 unused Assets to reduce memory usage. Loaded Objects now: 2698.
Total: 1.879708 ms (FindLiveObjects: 0.157073 ms CreateObjectMapping: 0.059575 ms MarkObjects: 1.581626 ms  DeleteObjects: 0.077105 ms)

========================================================================
Received Import Request.
  Time since last request: 321.552078 seconds.
  path: Assets/Script/Sign.cs
  artifactKey: Guid(f3edfdc3deb4595458a014cd1708b152) Importer(815301076,1909f56bfc062723c751e8b465ee728b)
Start importing Assets/Script/Sign.cs using Guid(f3edfdc3deb4595458a014cd1708b152) Importer(815301076,1909f56bfc062723c751e8b465ee728b)  -> (artifact id: '760be3debee7c5b3e994331bcfdc841f') in 0.005061 seconds
  Import took 0.007622 seconds .

========================================================================
Received Prepare
Registering precompiled user dll's ...
Registered in 0.003256 seconds.
Begin MonoManager ReloadAssembly
Native extension for WindowsStandalone target not found
Refreshing native plugins compatible for Editor in 0.42 ms, found 3 plugins.
Preloading 0 native plugins for Editor in 0.00 ms.
Mono: successfully reloaded assembly
- Completed reload, in  0.873 seconds
Platform modules already initialized, skipping
Refreshing native plugins compatible for Editor in 0.42 ms, found 3 plugins.
Preloading 0 native plugins for Editor in 0.00 ms.
Unloading 2236 Unused Serialized files (Serialized files now loaded: 0)
System memory in use before: 108.3 MB.
System memory in use after: 108.3 MB.

Unloading 22 unused Assets to reduce memory usage. Loaded Objects now: 2703.
Total: 1.895772 ms (FindLiveObjects: 0.152324 ms CreateObjectMapping: 0.053917 ms MarkObjects: 1.598667 ms  DeleteObjects: 0.085137 ms)

========================================================================
Received Prepare
Registering precompiled user dll's ...
Registered in 0.003105 seconds.
Begin MonoManager ReloadAssembly
Native extension for WindowsStandalone target not found
Refreshing native plugins compatible for Editor in 0.47 ms, found 3 plugins.
Preloading 0 native plugins for Editor in 0.00 ms.
Mono: successfully reloaded assembly
- Completed reload, in  0.832 seconds
Platform modules already initialized, skipping
Refreshing native plugins compatible for Editor in 0.45 ms, found 3 plugins.
Preloading 0 native plugins for Editor in 0.00 ms.
Unloading 2236 Unused Serialized files (Serialized files now loaded: 0)
System memory in use before: 108.4 MB.
System memory in use after: 108.4 MB.

Unloading 22 unused Assets to reduce memory usage. Loaded Objects now: 2707.
Total: 1.750083 ms (FindLiveObjects: 0.169435 ms CreateObjectMapping: 0.043022 ms MarkObjects: 1.452908 ms  DeleteObjects: 0.079549 ms)

========================================================================
Received Prepare
Registering precompiled user dll's ...
Registered in 0.003340 seconds.
Begin MonoManager ReloadAssembly
Native extension for WindowsStandalone target not found
Refreshing native plugins compatible for Editor in 0.41 ms, found 3 plugins.
Preloading 0 native plugins for Editor in 0.00 ms.
Mono: successfully reloaded assembly
- Completed reload, in  0.817 seconds
Platform modules already initialized, skipping
Refreshing native plugins compatible for Editor in 0.40 ms, found 3 plugins.
Preloading 0 native plugins for Editor in 0.00 ms.
Unloading 2236 Unused Serialized files (Serialized files now loaded: 0)
System memory in use before: 108.5 MB.
System memory in use after: 108.4 MB.

Unloading 22 unused Assets to reduce memory usage. Loaded Objects now: 2711.
Total: 1.787378 ms (FindLiveObjects: 0.155187 ms CreateObjectMapping: 0.042114 ms MarkObjects: 1.511645 ms  DeleteObjects: 0.072914 ms)

========================================================================
Received Prepare
Registering precompiled user dll's ...
Registered in 0.003376 seconds.
Begin MonoManager ReloadAssembly
Native extension for WindowsStandalone target not found
Refreshing native plugins compatible for Editor in 0.41 ms, found 3 plugins.
Preloading 0 native plugins for Editor in 0.00 ms.
Mono: successfully reloaded assembly
- Completed reload, in  0.839 seconds
Platform modules already initialized, skipping
Refreshing native plugins compatible for Editor in 0.41 ms, found 3 plugins.
Preloading 0 native plugins for Editor in 0.00 ms.
Unloading 2236 Unused Serialized files (Serialized files now loaded: 0)
System memory in use before: 108.5 MB.
System memory in use after: 108.5 MB.

Unloading 22 unused Assets to reduce memory usage. Loaded Objects now: 2715.
Total: 1.699448 ms (FindLiveObjects: 0.143873 ms CreateObjectMapping: 0.044419 ms MarkObjects: 1.430280 ms  DeleteObjects: 0.075708 ms)

========================================================================
Received Prepare
Registering precompiled user dll's ...
Registered in 0.003266 seconds.
Begin MonoManager ReloadAssembly
Native extension for WindowsStandalone target not found
Refreshing native plugins compatible for Editor in 0.42 ms, found 3 plugins.
Preloading 0 native plugins for Editor in 0.00 ms.
Mono: successfully reloaded assembly
- Completed reload, in  0.835 seconds
Platform modules already initialized, skipping
Refreshing native plugins compatible for Editor in 0.40 ms, found 3 plugins.
Preloading 0 native plugins for Editor in 0.00 ms.
Unloading 2236 Unused Serialized files (Serialized files now loaded: 0)
System memory in use before: 108.5 MB.
System memory in use after: 108.5 MB.

Unloading 22 unused Assets to reduce memory usage. Loaded Objects now: 2719.
Total: 1.680940 ms (FindLiveObjects: 0.142825 ms CreateObjectMapping: 0.044978 ms MarkObjects: 1.419803 ms  DeleteObjects: 0.068584 ms)

========================================================================
Received Prepare
Registering precompiled user dll's ...
Registered in 0.003171 seconds.
Begin MonoManager ReloadAssembly
Native extension for WindowsStandalone target not found
Refreshing native plugins compatible for Editor in 0.41 ms, found 3 plugins.
Preloading 0 native plugins for Editor in 0.00 ms.
Mono: successfully reloaded assembly
- Completed reload, in  0.840 seconds
Platform modules already initialized, skipping
Refreshing native plugins compatible for Editor in 0.38 ms, found 3 plugins.
Preloading 0 native plugins for Editor in 0.00 ms.
Unloading 2236 Unused Serialized files (Serialized files now loaded: 0)
System memory in use before: 108.6 MB.
System memory in use after: 108.6 MB.

Unloading 22 unused Assets to reduce memory usage. Loaded Objects now: 2723.
Total: 1.954438 ms (FindLiveObjects: 0.211968 ms CreateObjectMapping: 0.079549 ms MarkObjects: 1.573594 ms  DeleteObjects: 0.083670 ms)

========================================================================
Received Prepare
Registering precompiled user dll's ...
Registered in 0.003205 seconds.
Begin MonoManager ReloadAssembly
Native extension for WindowsStandalone target not found
Refreshing native plugins compatible for Editor in 0.42 ms, found 3 plugins.
Preloading 0 native plugins for Editor in 0.00 ms.
Mono: successfully reloaded assembly
- Completed reload, in  0.842 seconds
Platform modules already initialized, skipping
Refreshing native plugins compatible for Editor in 0.41 ms, found 3 plugins.
Preloading 0 native plugins for Editor in 0.00 ms.
Unloading 2236 Unused Serialized files (Serialized files now loaded: 0)
System memory in use before: 108.6 MB.
System memory in use after: 108.7 MB.

Unloading 22 unused Assets to reduce memory usage. Loaded Objects now: 2727.
Total: 1.930832 ms (FindLiveObjects: 0.193949 ms CreateObjectMapping: 0.053498 ms MarkObjects: 1.598178 ms  DeleteObjects: 0.079479 ms)

========================================================================
Received Prepare
Registering precompiled user dll's ...
Registered in 0.005218 seconds.
Begin MonoManager ReloadAssembly
Native extension for WindowsStandalone target not found
Refreshing native plugins compatible for Editor in 45.88 ms, found 3 plugins.
Preloading 0 native plugins for Editor in 0.00 ms.
Mono: successfully reloaded assembly
- Completed reload, in  1.858 seconds
Platform modules already initialized, skipping
Shader 'Universal Render Pipeline/Nature/SpeedTree7': dependency 'BillboardShader' shader 'Universal Render Pipeline/Nature/SpeedTree7 Billboard' not found
Shader 'Universal Render Pipeline/Baked Lit': fallback shader 'Universal Render Pipeline/Unlit' not found
Shader 'Universal Render Pipeline/Simple Lit': fallback shader 'Hidden/Universal Render Pipeline/FallbackError' not found
Shader 'Universal Render Pipeline/Terrain/Lit': fallback shader 'Hidden/Universal Render Pipeline/FallbackError' not found
Shader 'Universal Render Pipeline/Terrain/Lit': dependency 'AddPassShader' shader 'Hidden/Universal Render Pipeline/Terrain/Lit (Add Pass)' not found
Shader 'Universal Render Pipeline/Terrain/Lit': dependency 'BaseMapShader' shader 'Hidden/Universal Render Pipeline/Terrain/Lit (Base Pass)' not found
Shader 'Universal Render Pipeline/Terrain/Lit': dependency 'BaseMapGenShader' shader 'Hidden/Universal Render Pipeline/Terrain/Lit (Basemap Gen)' not found
Shader 'Hidden/Universal Render Pipeline/Terrain/Lit (Add Pass)': fallback shader 'Hidden/Universal Render Pipeline/FallbackError' not found
Shader 'Hidden/Universal Render Pipeline/Terrain/Lit (Base Pass)': fallback shader 'Hidden/Universal Render Pipeline/FallbackError' not found
Shader 'Universal Render Pipeline/Particles/Lit': fallback shader 'Universal Render Pipeline/Particles/SimpleLit' not found
Shader 'Universal Render Pipeline/Particles/Lit': fallback shader 'Universal Render Pipeline/Particles/SimpleLit' not found
Refreshing native plugins compatible for Editor in 0.60 ms, found 3 plugins.
Preloading 0 native plugins for Editor in 0.00 ms.
Unloading 3331 Unused Serialized files (Serialized files now loaded: 0)
System memory in use before: 149.8 MB.
System memory in use after: 145.4 MB.

Unloading 79 unused Assets to reduce memory usage. Loaded Objects now: 3769.
Total: 3.902242 ms (FindLiveObjects: 0.314705 ms CreateObjectMapping: 0.177816 ms MarkObjects: 1.943054 ms  DeleteObjects: 1.461499 ms)

========================================================================
Received Import Request.
  Time since last request: 567.847870 seconds.
  path: Assets/Script/UniversalRenderPipelineAsset.asset
  artifactKey: Guid(def377a0e2b2c16428817f740b052294) Importer(815301076,1909f56bfc062723c751e8b465ee728b)
Start importing Assets/Script/UniversalRenderPipelineAsset.asset using Guid(def377a0e2b2c16428817f740b052294) Importer(815301076,1909f56bfc062723c751e8b465ee728b)  -> (artifact id: 'aa0d0404d3165bd66cd70ea63d54c5c0') in 0.059156 seconds
  Import took 0.064236 seconds .

========================================================================
Received Import Request.
  Time since last request: 0.000142 seconds.
  path: Assets/Script/UniversalRenderPipelineAsset_Renderer.asset
  artifactKey: Guid(7171f46d22435174bbd12fe1667aa4b8) Importer(815301076,1909f56bfc062723c751e8b465ee728b)
Start importing Assets/Script/UniversalRenderPipelineAsset_Renderer.asset using Guid(7171f46d22435174bbd12fe1667aa4b8) Importer(815301076,1909f56bfc062723c751e8b465ee728b)  -> (artifact id: 'e276b563921bde616b4e637006c66acf') in 0.033000 seconds
  Import took 0.037337 seconds .

========================================================================
Received Import Request.
  Time since last request: 12.372573 seconds.
  path: Assets/Light
  artifactKey: Guid(e77cf90668181ee46a53d537686c459b) Importer(815301076,1909f56bfc062723c751e8b465ee728b)
Start importing Assets/Light using Guid(e77cf90668181ee46a53d537686c459b) Importer(815301076,1909f56bfc062723c751e8b465ee728b)  -> (artifact id: '0c5826b1a1ee916b460f11f2006532c0') in 0.002085 seconds
  Import took 0.005667 seconds .

========================================================================
Received Import Request.
  Time since last request: 13.933653 seconds.
  path: Assets/Light/testLight.asset
  artifactKey: Guid(2b7d491afc943a24ca2c573c71e6a8ca) Importer(815301076,1909f56bfc062723c751e8b465ee728b)
Start importing Assets/Light/testLight.asset using Guid(2b7d491afc943a24ca2c573c71e6a8ca) Importer(815301076,1909f56bfc062723c751e8b465ee728b)  -> (artifact id: '24c46aed0ea1cfcbe6e6dd4ec371868b') in 0.026803 seconds
  Import took 0.031396 seconds .

========================================================================
Received Import Request.
  Time since last request: 0.000139 seconds.
  path: Assets/Light/testLight_Renderer.asset
  artifactKey: Guid(bf310914edd92ac4e9a7d73b853c7314) Importer(815301076,1909f56bfc062723c751e8b465ee728b)
Start importing Assets/Light/testLight_Renderer.asset using Guid(bf310914edd92ac4e9a7d73b853c7314) Importer(815301076,1909f56bfc062723c751e8b465ee728b)  -> (artifact id: '5aa80ebfad4946e663bc91782eb1f29f') in 0.024699 seconds
  Import took 0.029019 seconds .

========================================================================
Received Import Request.
  Time since last request: 41.571645 seconds.
  path: Assets/Light/2dRender.asset
  artifactKey: Guid(ecad33907b5e52f4e967d00d88c5df1e) Importer(815301076,1909f56bfc062723c751e8b465ee728b)
Start importing Assets/Light/2dRender.asset using Guid(ecad33907b5e52f4e967d00d88c5df1e) Importer(815301076,1909f56bfc062723c751e8b465ee728b)  -> (artifact id: '81aa1f7f13e85c6d66030392dd3a6572') in 0.029409 seconds
  Import took 0.034322 seconds .

========================================================================
Received Prepare
Switching render pipeline 00000000000000000000000000000000 -> 2b7d491afc943a24ca2c573c71e6a8ca
Shader 'Universal Render Pipeline/Particles/Lit': fallback shader 'Universal Render Pipeline/Particles/SimpleLit' not found
Shader 'Universal Render Pipeline/Particles/Lit': fallback shader 'Universal Render Pipeline/Particles/SimpleLit' not found
Refreshing native plugins compatible for Editor in 3.92 ms, found 3 plugins.
Preloading 0 native plugins for Editor in 0.00 ms.
Unloading 124 Unused Serialized files (Serialized files now loaded: 0)
System memory in use before: 90.3 MB.
System memory in use after: 87.1 MB.

Unloading 56 unused Assets to reduce memory usage. Loaded Objects now: 3837.
Total: 4.326178 ms (FindLiveObjects: 0.314146 ms CreateObjectMapping: 0.143943 ms MarkObjects: 2.517429 ms  DeleteObjects: 1.345562 ms)

AssetImportParameters requested are different than current active one (requested -> active):
  custom:srp/default-shader: 0000e00a000e0de00000e000e02d0000 -> 0000e00a000e0de00000e000e0000000
========================================================================
Received Import Request.
  Time since last request: 85.029328 seconds.
  path: Assets/Light/testLight.asset
  artifactKey: Guid(2b7d491afc943a24ca2c573c71e6a8ca) Importer(815301076,1909f56bfc062723c751e8b465ee728b)
Start importing Assets/Light/testLight.asset using Guid(2b7d491afc943a24ca2c573c71e6a8ca) Importer(815301076,1909f56bfc062723c751e8b465ee728b)  -> (artifact id: '5324ee60c4a4a7e6ae260140ff2bde23') in 0.002507 seconds
  Import took 0.005942 seconds .

========================================================================
Received Import Request.
  Time since last request: 0.000121 seconds.
  path: Assets/Light/testLight_Renderer.asset
  artifactKey: Guid(bf310914edd92ac4e9a7d73b853c7314) Importer(815301076,1909f56bfc062723c751e8b465ee728b)
Start importing Assets/Light/testLight_Renderer.asset using Guid(bf310914edd92ac4e9a7d73b853c7314) Importer(815301076,1909f56bfc062723c751e8b465ee728b)  -> (artifact id: '22b568bbeee3b2ddf2bd580ecb884836') in 0.002540 seconds
  Import took 0.005434 seconds .

========================================================================
Received Import Request.
  Time since last request: 0.000099 seconds.
  path: Assets/Light/2dRender.asset
  artifactKey: Guid(ecad33907b5e52f4e967d00d88c5df1e) Importer(815301076,1909f56bfc062723c751e8b465ee728b)
Start importing Assets/Light/2dRender.asset using Guid(ecad33907b5e52f4e967d00d88c5df1e) Importer(815301076,1909f56bfc062723c751e8b465ee728b)  -> (artifact id: 'b2f1f2115297ef990a3308f4498f55b7') in 0.006031 seconds
  Import took 0.009433 seconds .

========================================================================
Received Import Request.
  Time since last request: 733.740873 seconds.
  path: Assets/Light/testLight.asset
  artifactKey: Guid(2b7d491afc943a24ca2c573c71e6a8ca) Importer(815301076,1909f56bfc062723c751e8b465ee728b)
Start importing Assets/Light/testLight.asset using Guid(2b7d491afc943a24ca2c573c71e6a8ca) Importer(815301076,1909f56bfc062723c751e8b465ee728b)  -> (artifact id: '57ccbd013f9a458799a0d1aee5dfd412') in 0.007312 seconds
  Import took 0.011921 seconds .

========================================================================
Received Import Request.
  Time since last request: 0.000129 seconds.
  path: Assets/Light/testLight_Renderer.asset
  artifactKey: Guid(bf310914edd92ac4e9a7d73b853c7314) Importer(815301076,1909f56bfc062723c751e8b465ee728b)
Start importing Assets/Light/testLight_Renderer.asset using Guid(bf310914edd92ac4e9a7d73b853c7314) Importer(815301076,1909f56bfc062723c751e8b465ee728b)  -> (artifact id: '5b651f5d35c2d34cf65ae419dd8527f3') in 0.002665 seconds
  Import took 0.006591 seconds .

========================================================================
Received Import Request.
  Time since last request: 8.550242 seconds.
  path: Assets/Scenes/BossScene/Global Volume Profile.asset
  artifactKey: Guid(ac5a8efaeafcc274d98cc095cd98bf7e) Importer(815301076,1909f56bfc062723c751e8b465ee728b)
Start importing Assets/Scenes/BossScene/Global Volume Profile.asset using Guid(ac5a8efaeafcc274d98cc095cd98bf7e) Importer(815301076,1909f56bfc062723c751e8b465ee728b)  -> (artifact id: '4beef983dc6a224957eb81afe7366959') in 0.003538 seconds
  Import took 0.007323 seconds .

========================================================================
Received Import Request.
  Time since last request: 23.221671 seconds.
  path: Assets/Scenes/BossScene/Global Volume Profile.asset
  artifactKey: Guid(ac5a8efaeafcc274d98cc095cd98bf7e) Importer(815301076,1909f56bfc062723c751e8b465ee728b)
Start importing Assets/Scenes/BossScene/Global Volume Profile.asset using Guid(ac5a8efaeafcc274d98cc095cd98bf7e) Importer(815301076,1909f56bfc062723c751e8b465ee728b)  -> (artifact id: '9ad6910e0b6a6a96dd41426fb18c0c78') in 0.010206 seconds
  Import took 0.014405 seconds .

========================================================================
Received Import Request.
  Time since last request: 133.689883 seconds.
  path: Assets/Sunnyland/artwork/Sprites/player/climb/player-climb-1.png
  artifactKey: Guid(be30195fa34cc45258a6ab7011cb297b) Importer(815301076,1909f56bfc062723c751e8b465ee728b)
Start importing Assets/Sunnyland/artwork/Sprites/player/climb/player-climb-1.png using Guid(be30195fa34cc45258a6ab7011cb297b) Importer(815301076,1909f56bfc062723c751e8b465ee728b)  -> (artifact id: '95d8604cf227bdeef8e87bb3776b8d20') in 0.084912 seconds
  Import took 0.089395 seconds .

========================================================================
Received Import Request.
  Time since last request: 0.000139 seconds.
  path: Assets/Sunnyland/artwork/Sprites/player/climb/player-climb-3.png
  artifactKey: Guid(eb5b673fa31e44bc9b15d686c24009da) Importer(815301076,1909f56bfc062723c751e8b465ee728b)
Start importing Assets/Sunnyland/artwork/Sprites/player/climb/player-climb-3.png using Guid(eb5b673fa31e44bc9b15d686c24009da) Importer(815301076,1909f56bfc062723c751e8b465ee728b)  -> (artifact id: 'f6bf01eb572360db5513328166ce2b0f') in 0.007188 seconds
  Import took 0.011072 seconds .

========================================================================
Received Import Request.
  Time since last request: 0.000132 seconds.
  path: Assets/Sunnyland/artwork/Sprites/player/climb/player-climb-2.png
  artifactKey: Guid(94cffd9e5ecd3497c9831ffe8ae1605c) Importer(815301076,1909f56bfc062723c751e8b465ee728b)
Start importing Assets/Sunnyland/artwork/Sprites/player/climb/player-climb-2.png using Guid(94cffd9e5ecd3497c9831ffe8ae1605c) Importer(815301076,1909f56bfc062723c751e8b465ee728b)  -> (artifact id: 'f43d3fabf4ca74b133a3096fbad7333d') in 0.009862 seconds
  Import took 0.013468 seconds .

========================================================================
Received Import Request.
  Time since last request: 404.391091 seconds.
  path: Assets/Script/LightFlowwer.cs
  artifactKey: Guid(49005cae06ab5194d8e0ac59505c7e79) Importer(815301076,1909f56bfc062723c751e8b465ee728b)
Start importing Assets/Script/LightFlowwer.cs using Guid(49005cae06ab5194d8e0ac59505c7e79) Importer(815301076,1909f56bfc062723c751e8b465ee728b)  -> (artifact id: 'f5859e13b3cffb0067cf2d6f8e14fce8') in 0.002335 seconds
  Import took 0.006698 seconds .

========================================================================
Received Prepare
Registering precompiled user dll's ...
Registered in 0.004236 seconds.
Begin MonoManager ReloadAssembly
Native extension for WindowsStandalone target not found
Refreshing native plugins compatible for Editor in 0.55 ms, found 3 plugins.
Preloading 0 native plugins for Editor in 0.00 ms.
Mono: successfully reloaded assembly
- Completed reload, in  0.916 seconds
Platform modules already initialized, skipping
Shader 'Universal Render Pipeline/Particles/Lit': fallback shader 'Universal Render Pipeline/Particles/SimpleLit' not found
Shader 'Universal Render Pipeline/Particles/Lit': fallback shader 'Universal Render Pipeline/Particles/SimpleLit' not found
Refreshing native plugins compatible for Editor in 0.52 ms, found 3 plugins.
Preloading 0 native plugins for Editor in 0.00 ms.
Unloading 3315 Unused Serialized files (Serialized files now loaded: 0)
System memory in use before: 154.1 MB.
System memory in use after: 151.5 MB.

Unloading 51 unused Assets to reduce memory usage. Loaded Objects now: 3860.
Total: 3.088521 ms (FindLiveObjects: 0.305625 ms CreateObjectMapping: 0.119219 ms MarkObjects: 1.845207 ms  DeleteObjects: 0.811416 ms)

========================================================================
Received Prepare
Registering precompiled user dll's ...
Registered in 0.003697 seconds.
Begin MonoManager ReloadAssembly
Native extension for WindowsStandalone target not found
Refreshing native plugins compatible for Editor in 0.55 ms, found 3 plugins.
Preloading 0 native plugins for Editor in 0.00 ms.
Mono: successfully reloaded assembly
- Completed reload, in  0.901 seconds
Platform modules already initialized, skipping
Shader 'Universal Render Pipeline/Particles/Lit': fallback shader 'Universal Render Pipeline/Particles/SimpleLit' not found
Shader 'Universal Render Pipeline/Particles/Lit': fallback shader 'Universal Render Pipeline/Particles/SimpleLit' not found
Refreshing native plugins compatible for Editor in 0.55 ms, found 3 plugins.
Preloading 0 native plugins for Editor in 0.00 ms.
Unloading 3304 Unused Serialized files (Serialized files now loaded: 0)
System memory in use before: 153.4 MB.
System memory in use after: 150.7 MB.

Unloading 51 unused Assets to reduce memory usage. Loaded Objects now: 3864.
Total: 3.196356 ms (FindLiveObjects: 0.257365 ms CreateObjectMapping: 0.107416 ms MarkObjects: 1.986565 ms  DeleteObjects: 0.839841 ms)

========================================================================
Received Import Request.
  Time since last request: 48.196048 seconds.
  path: Assets/Script/LightFlowwer.cs
  artifactKey: Guid(49005cae06ab5194d8e0ac59505c7e79) Importer(815301076,1909f56bfc062723c751e8b465ee728b)
Start importing Assets/Script/LightFlowwer.cs using Guid(49005cae06ab5194d8e0ac59505c7e79) Importer(815301076,1909f56bfc062723c751e8b465ee728b)  -> (artifact id: '4124dd9963b1c4e4569878daba61f681') in 0.005329 seconds
  Import took 0.008735 seconds .

========================================================================
Received Prepare
Registering precompiled user dll's ...
Registered in 0.003658 seconds.
Begin MonoManager ReloadAssembly
Native extension for WindowsStandalone target not found
Refreshing native plugins compatible for Editor in 0.55 ms, found 3 plugins.
Preloading 0 native plugins for Editor in 0.00 ms.
Mono: successfully reloaded assembly
- Completed reload, in  0.889 seconds
Platform modules already initialized, skipping
Shader 'Universal Render Pipeline/Particles/Lit': fallback shader 'Universal Render Pipeline/Particles/SimpleLit' not found
Shader 'Universal Render Pipeline/Particles/Lit': fallback shader 'Universal Render Pipeline/Particles/SimpleLit' not found
Refreshing native plugins compatible for Editor in 0.50 ms, found 3 plugins.
Preloading 0 native plugins for Editor in 0.00 ms.
Unloading 3304 Unused Serialized files (Serialized files now loaded: 0)
System memory in use before: 153.4 MB.
System memory in use after: 150.7 MB.

Unloading 51 unused Assets to reduce memory usage. Loaded Objects now: 3868.
Total: 2.940946 ms (FindLiveObjects: 0.257854 ms CreateObjectMapping: 0.103575 ms MarkObjects: 1.824883 ms  DeleteObjects: 0.749327 ms)

========================================================================
Received Prepare
Registering precompiled user dll's ...
Registered in 0.003665 seconds.
Begin MonoManager ReloadAssembly
Native extension for WindowsStandalone target not found
Refreshing native plugins compatible for Editor in 0.52 ms, found 3 plugins.
Preloading 0 native plugins for Editor in 0.00 ms.
Mono: successfully reloaded assembly
- Completed reload, in  0.901 seconds
Platform modules already initialized, skipping
Shader 'Universal Render Pipeline/Particles/Lit': fallback shader 'Universal Render Pipeline/Particles/SimpleLit' not found
Shader 'Universal Render Pipeline/Particles/Lit': fallback shader 'Universal Render Pipeline/Particles/SimpleLit' not found
Refreshing native plugins compatible for Editor in 0.50 ms, found 3 plugins.
Preloading 0 native plugins for Editor in 0.00 ms.
Unloading 3304 Unused Serialized files (Serialized files now loaded: 0)
System memory in use before: 153.4 MB.
System memory in use after: 150.8 MB.

Unloading 51 unused Assets to reduce memory usage. Loaded Objects now: 3872.
Total: 3.186508 ms (FindLiveObjects: 0.234667 ms CreateObjectMapping: 0.087581 ms MarkObjects: 1.927899 ms  DeleteObjects: 0.931613 ms)

========================================================================
Received Prepare
Registering precompiled user dll's ...
Registered in 0.003653 seconds.
Begin MonoManager ReloadAssembly
Native extension for WindowsStandalone target not found
Refreshing native plugins compatible for Editor in 0.47 ms, found 3 plugins.
Preloading 0 native plugins for Editor in 0.00 ms.
Mono: successfully reloaded assembly
- Completed reload, in  0.900 seconds
Platform modules already initialized, skipping
Shader 'Universal Render Pipeline/Particles/Lit': fallback shader 'Universal Render Pipeline/Particles/SimpleLit' not found
Shader 'Universal Render Pipeline/Particles/Lit': fallback shader 'Universal Render Pipeline/Particles/SimpleLit' not found
Refreshing native plugins compatible for Editor in 0.56 ms, found 3 plugins.
Preloading 0 native plugins for Editor in 0.00 ms.
Unloading 3304 Unused Serialized files (Serialized files now loaded: 0)
System memory in use before: 153.4 MB.
System memory in use after: 150.8 MB.

Unloading 51 unused Assets to reduce memory usage. Loaded Objects now: 3876.
Total: 3.323677 ms (FindLiveObjects: 0.275384 ms CreateObjectMapping: 0.114540 ms MarkObjects: 2.023930 ms  DeleteObjects: 0.904584 ms)

========================================================================
Received Prepare
Registering precompiled user dll's ...
Registered in 0.003861 seconds.
Begin MonoManager ReloadAssembly
Native extension for WindowsStandalone target not found
Refreshing native plugins compatible for Editor in 0.49 ms, found 3 plugins.
Preloading 0 native plugins for Editor in 0.00 ms.
Mono: successfully reloaded assembly
- Completed reload, in  0.893 seconds
Platform modules already initialized, skipping
Shader 'Universal Render Pipeline/Particles/Lit': fallback shader 'Universal Render Pipeline/Particles/SimpleLit' not found
Shader 'Universal Render Pipeline/Particles/Lit': fallback shader 'Universal Render Pipeline/Particles/SimpleLit' not found
Refreshing native plugins compatible for Editor in 0.47 ms, found 3 plugins.
Preloading 0 native plugins for Editor in 0.00 ms.
Unloading 3304 Unused Serialized files (Serialized files now loaded: 0)
System memory in use before: 153.3 MB.
System memory in use after: 150.7 MB.

Unloading 51 unused Assets to reduce memory usage. Loaded Objects now: 3880.
Total: 3.361531 ms (FindLiveObjects: 0.282019 ms CreateObjectMapping: 0.119149 ms MarkObjects: 1.950248 ms  DeleteObjects: 1.005854 ms)

========================================================================
Received Prepare
Registering precompiled user dll's ...
Registered in 0.004212 seconds.
Begin MonoManager ReloadAssembly
Native extension for WindowsStandalone target not found
Refreshing native plugins compatible for Editor in 0.55 ms, found 3 plugins.
Preloading 0 native plugins for Editor in 0.00 ms.
Mono: successfully reloaded assembly
- Completed reload, in  0.886 seconds
Platform modules already initialized, skipping
Shader 'Universal Render Pipeline/Particles/Lit': fallback shader 'Universal Render Pipeline/Particles/SimpleLit' not found
Shader 'Universal Render Pipeline/Particles/Lit': fallback shader 'Universal Render Pipeline/Particles/SimpleLit' not found
Refreshing native plugins compatible for Editor in 0.51 ms, found 3 plugins.
Preloading 0 native plugins for Editor in 0.00 ms.
Unloading 3304 Unused Serialized files (Serialized files now loaded: 0)
System memory in use before: 153.3 MB.
System memory in use after: 150.7 MB.

Unloading 51 unused Assets to reduce memory usage. Loaded Objects now: 3884.
Total: 3.152915 ms (FindLiveObjects: 0.266444 ms CreateObjectMapping: 0.104971 ms MarkObjects: 2.011638 ms  DeleteObjects: 0.764552 ms)

========================================================================
Received Import Request.
  Time since last request: 856.702063 seconds.
  path: Assets/Scenes/FirstScene.unity
  artifactKey: Guid(2cda990e2423bbf4892e6590ba056729) Importer(815301076,1909f56bfc062723c751e8b465ee728b)
Start importing Assets/Scenes/FirstScene.unity using Guid(2cda990e2423bbf4892e6590ba056729) Importer(815301076,1909f56bfc062723c751e8b465ee728b)  -> (artifact id: '13b328f6c2cf04e71caa1ceecdc61a49') in 0.011053 seconds
  Import took 0.015603 seconds .

========================================================================
Received Prepare
Registering precompiled user dll's ...
Registered in 0.003806 seconds.
Begin MonoManager ReloadAssembly
Native extension for WindowsStandalone target not found
Refreshing native plugins compatible for Editor in 0.57 ms, found 3 plugins.
Preloading 0 native plugins for Editor in 0.00 ms.
Mono: successfully reloaded assembly
- Completed reload, in  0.896 seconds
Platform modules already initialized, skipping
Shader 'Universal Render Pipeline/Particles/Lit': fallback shader 'Universal Render Pipeline/Particles/SimpleLit' not found
Shader 'Universal Render Pipeline/Particles/Lit': fallback shader 'Universal Render Pipeline/Particles/SimpleLit' not found
Refreshing native plugins compatible for Editor in 0.52 ms, found 3 plugins.
Preloading 0 native plugins for Editor in 0.00 ms.
Unloading 3304 Unused Serialized files (Serialized files now loaded: 0)
System memory in use before: 153.4 MB.
System memory in use after: 150.7 MB.

Unloading 51 unused Assets to reduce memory usage. Loaded Objects now: 3888.
Total: 3.218146 ms (FindLiveObjects: 0.286629 ms CreateObjectMapping: 0.132978 ms MarkObjects: 1.923638 ms  DeleteObjects: 0.869175 ms)

========================================================================
Received Import Request.
  Time since last request: 571.955232 seconds.
  path: Assets/Sunnyland/artwork/Sprites/Items/pixel-key.png
  artifactKey: Guid(e7812cd962d974040964d69730c05ccc) Importer(815301076,1909f56bfc062723c751e8b465ee728b)
Start importing Assets/Sunnyland/artwork/Sprites/Items/pixel-key.png using Guid(e7812cd962d974040964d69730c05ccc) Importer(815301076,1909f56bfc062723c751e8b465ee728b)  -> (artifact id: '8e50ff4713c1a527cf5b31c962c791e1') in 0.047301 seconds
  Import took 0.051264 seconds .

========================================================================
Received Prepare
Registering precompiled user dll's ...
Registered in 0.003958 seconds.
Begin MonoManager ReloadAssembly
Native extension for WindowsStandalone target not found
Refreshing native plugins compatible for Editor in 0.63 ms, found 3 plugins.
Preloading 0 native plugins for Editor in 0.00 ms.
Mono: successfully reloaded assembly
- Completed reload, in  0.969 seconds
Platform modules already initialized, skipping
Shader 'Universal Render Pipeline/Particles/Lit': fallback shader 'Universal Render Pipeline/Particles/SimpleLit' not found
Shader 'Universal Render Pipeline/Particles/Lit': fallback shader 'Universal Render Pipeline/Particles/SimpleLit' not found
Refreshing native plugins compatible for Editor in 0.54 ms, found 3 plugins.
Preloading 0 native plugins for Editor in 0.00 ms.
Unloading 3304 Unused Serialized files (Serialized files now loaded: 0)
System memory in use before: 153.4 MB.
System memory in use after: 150.7 MB.

Unloading 51 unused Assets to reduce memory usage. Loaded Objects now: 3895.
Total: 3.237143 ms (FindLiveObjects: 0.272591 ms CreateObjectMapping: 0.099803 ms MarkObjects: 1.883480 ms  DeleteObjects: 0.975613 ms)

========================================================================
Received Prepare
Registering precompiled user dll's ...
Registered in 0.004208 seconds.
Begin MonoManager ReloadAssembly
Native extension for WindowsStandalone target not found
Refreshing native plugins compatible for Editor in 0.56 ms, found 3 plugins.
Preloading 0 native plugins for Editor in 0.00 ms.
Mono: successfully reloaded assembly
- Completed reload, in  0.901 seconds
Platform modules already initialized, skipping
Shader 'Universal Render Pipeline/Particles/Lit': fallback shader 'Universal Render Pipeline/Particles/SimpleLit' not found
Shader 'Universal Render Pipeline/Particles/Lit': fallback shader 'Universal Render Pipeline/Particles/SimpleLit' not found
Refreshing native plugins compatible for Editor in 0.52 ms, found 3 plugins.
Preloading 0 native plugins for Editor in 0.00 ms.
Unloading 3304 Unused Serialized files (Serialized files now loaded: 0)
System memory in use before: 153.3 MB.
System memory in use after: 150.7 MB.

Unloading 51 unused Assets to reduce memory usage. Loaded Objects now: 3899.
Total: 3.394146 ms (FindLiveObjects: 0.271124 ms CreateObjectMapping: 0.106508 ms MarkObjects: 2.033988 ms  DeleteObjects: 0.977359 ms)

========================================================================
Received Prepare
Registering precompiled user dll's ...
Registered in 0.003708 seconds.
Begin MonoManager ReloadAssembly
Native extension for WindowsStandalone target not found
Refreshing native plugins compatible for Editor in 0.56 ms, found 3 plugins.
Preloading 0 native plugins for Editor in 0.00 ms.
Mono: successfully reloaded assembly
- Completed reload, in  0.892 seconds
Platform modules already initialized, skipping
Shader 'Universal Render Pipeline/Particles/Lit': fallback shader 'Universal Render Pipeline/Particles/SimpleLit' not found
Shader 'Universal Render Pipeline/Particles/Lit': fallback shader 'Universal Render Pipeline/Particles/SimpleLit' not found
Refreshing native plugins compatible for Editor in 0.52 ms, found 3 plugins.
Preloading 0 native plugins for Editor in 0.00 ms.
Unloading 3304 Unused Serialized files (Serialized files now loaded: 0)
System memory in use before: 153.4 MB.
System memory in use after: 150.7 MB.

Unloading 51 unused Assets to reduce memory usage. Loaded Objects now: 3903.
Total: 3.204946 ms (FindLiveObjects: 0.270705 ms CreateObjectMapping: 0.105530 ms MarkObjects: 1.949759 ms  DeleteObjects: 0.873854 ms)

========================================================================
Received Prepare
Registering precompiled user dll's ...
Registered in 0.003848 seconds.
Begin MonoManager ReloadAssembly
Native extension for WindowsStandalone target not found
Refreshing native plugins compatible for Editor in 0.55 ms, found 3 plugins.
Preloading 0 native plugins for Editor in 0.00 ms.
Mono: successfully reloaded assembly
- Completed reload, in  0.908 seconds
Platform modules already initialized, skipping
Shader 'Universal Render Pipeline/Particles/Lit': fallback shader 'Universal Render Pipeline/Particles/SimpleLit' not found
Shader 'Universal Render Pipeline/Particles/Lit': fallback shader 'Universal Render Pipeline/Particles/SimpleLit' not found
Refreshing native plugins compatible for Editor in 0.55 ms, found 3 plugins.
Preloading 0 native plugins for Editor in 0.00 ms.
Unloading 3304 Unused Serialized files (Serialized files now loaded: 0)
System memory in use before: 153.4 MB.
System memory in use after: 150.7 MB.

Unloading 51 unused Assets to reduce memory usage. Loaded Objects now: 3907.
Total: 3.174146 ms (FindLiveObjects: 0.247378 ms CreateObjectMapping: 0.095054 ms MarkObjects: 1.822438 ms  DeleteObjects: 1.003968 ms)

========================================================================
Received Prepare
Registering precompiled user dll's ...
Registered in 0.003732 seconds.
Begin MonoManager ReloadAssembly
Native extension for WindowsStandalone target not found
Refreshing native plugins compatible for Editor in 0.51 ms, found 3 plugins.
Preloading 0 native plugins for Editor in 0.00 ms.
Mono: successfully reloaded assembly
- Completed reload, in  0.885 seconds
Platform modules already initialized, skipping
Shader 'Universal Render Pipeline/Particles/Lit': fallback shader 'Universal Render Pipeline/Particles/SimpleLit' not found
Shader 'Universal Render Pipeline/Particles/Lit': fallback shader 'Universal Render Pipeline/Particles/SimpleLit' not found
Refreshing native plugins compatible for Editor in 0.54 ms, found 3 plugins.
Preloading 0 native plugins for Editor in 0.00 ms.
Unloading 3304 Unused Serialized files (Serialized files now loaded: 0)
System memory in use before: 153.3 MB.
System memory in use after: 150.8 MB.

Unloading 51 unused Assets to reduce memory usage. Loaded Objects now: 3911.
Total: 3.272134 ms (FindLiveObjects: 0.279156 ms CreateObjectMapping: 0.101759 ms MarkObjects: 1.946826 ms  DeleteObjects: 0.940064 ms)

========================================================================
Received Prepare
Registering precompiled user dll's ...
Registered in 0.003853 seconds.
Begin MonoManager ReloadAssembly
Native extension for WindowsStandalone target not found
Refreshing native plugins compatible for Editor in 0.50 ms, found 3 plugins.
Preloading 0 native plugins for Editor in 0.00 ms.
Mono: successfully reloaded assembly
- Completed reload, in  0.890 seconds
Platform modules already initialized, skipping
Shader 'Universal Render Pipeline/Particles/Lit': fallback shader 'Universal Render Pipeline/Particles/SimpleLit' not found
Shader 'Universal Render Pipeline/Particles/Lit': fallback shader 'Universal Render Pipeline/Particles/SimpleLit' not found
Refreshing native plugins compatible for Editor in 0.52 ms, found 3 plugins.
Preloading 0 native plugins for Editor in 0.00 ms.
Unloading 3304 Unused Serialized files (Serialized files now loaded: 0)
System memory in use before: 153.4 MB.
System memory in use after: 150.8 MB.

Unloading 51 unused Assets to reduce memory usage. Loaded Objects now: 3915.
Total: 3.131054 ms (FindLiveObjects: 0.278108 ms CreateObjectMapping: 0.117822 ms MarkObjects: 1.872165 ms  DeleteObjects: 0.857232 ms)

========================================================================
Received Import Request.
  Time since last request: 695.157437 seconds.
  path: Packages/com.unity.render-pipelines.universal/Shaders/2D/Sprite-Lit-Default.shader
  artifactKey: Guid(e260cfa7296ee7642b167f1eb5be5023) Importer(815301076,1909f56bfc062723c751e8b465ee728b)
Start importing Packages/com.unity.render-pipelines.universal/Shaders/2D/Sprite-Lit-Default.shader using Guid(e260cfa7296ee7642b167f1eb5be5023) Importer(815301076,1909f56bfc062723c751e8b465ee728b)  -> (artifact id: '034d09355c05d9cadd2b4aee9616b514') in 0.011627 seconds
  Import took 0.015889 seconds .

========================================================================
Received Import Request.
  Time since last request: 0.003558 seconds.
  path: Packages/com.unity.render-pipelines.universal/Shaders/2D/Sprite-Lit-Default.shader
  artifactKey: Guid(e260cfa7296ee7642b167f1eb5be5023) Importer(815301076,1909f56bfc062723c751e8b465ee728b)
Start importing Packages/com.unity.render-pipelines.universal/Shaders/2D/Sprite-Lit-Default.shader using Guid(e260cfa7296ee7642b167f1eb5be5023) Importer(815301076,1909f56bfc062723c751e8b465ee728b)  -> (artifact id: '034d09355c05d9cadd2b4aee9616b514') in 0.002000 seconds
  Import took 0.005351 seconds .

========================================================================
Received Prepare
Registering precompiled user dll's ...
Registered in 0.003694 seconds.
Begin MonoManager ReloadAssembly
Native extension for WindowsStandalone target not found
Refreshing native plugins compatible for Editor in 0.47 ms, found 3 plugins.
Preloading 0 native plugins for Editor in 0.00 ms.
Mono: successfully reloaded assembly
- Completed reload, in  0.895 seconds
Platform modules already initialized, skipping
Shader 'Universal Render Pipeline/Particles/Lit': fallback shader 'Universal Render Pipeline/Particles/SimpleLit' not found
Shader 'Universal Render Pipeline/Particles/Lit': fallback shader 'Universal Render Pipeline/Particles/SimpleLit' not found
Refreshing native plugins compatible for Editor in 0.44 ms, found 3 plugins.
Preloading 0 native plugins for Editor in 0.00 ms.
Unloading 3304 Unused Serialized files (Serialized files now loaded: 0)
System memory in use before: 153.4 MB.
System memory in use after: 150.8 MB.

Unloading 51 unused Assets to reduce memory usage. Loaded Objects now: 3919.
Total: 3.211442 ms (FindLiveObjects: 0.275384 ms CreateObjectMapping: 0.110349 ms MarkObjects: 1.943054 ms  DeleteObjects: 0.877206 ms)

========================================================================
Received Prepare
Registering precompiled user dll's ...
Registered in 0.003679 seconds.
Begin MonoManager ReloadAssembly
Native extension for WindowsStandalone target not found
Refreshing native plugins compatible for Editor in 0.59 ms, found 3 plugins.
Preloading 0 native plugins for Editor in 0.00 ms.
Mono: successfully reloaded assembly
- Completed reload, in  0.919 seconds
Platform modules already initialized, skipping
Shader 'Universal Render Pipeline/Particles/Lit': fallback shader 'Universal Render Pipeline/Particles/SimpleLit' not found
Shader 'Universal Render Pipeline/Particles/Lit': fallback shader 'Universal Render Pipeline/Particles/SimpleLit' not found
Refreshing native plugins compatible for Editor in 0.52 ms, found 3 plugins.
Preloading 0 native plugins for Editor in 0.00 ms.
Unloading 3304 Unused Serialized files (Serialized files now loaded: 0)
System memory in use before: 153.4 MB.
System memory in use after: 150.8 MB.

Unloading 51 unused Assets to reduce memory usage. Loaded Objects now: 3923.
Total: 3.235258 ms (FindLiveObjects: 0.275873 ms CreateObjectMapping: 0.106508 ms MarkObjects: 1.954508 ms  DeleteObjects: 0.893759 ms)

========================================================================
Received Prepare
Registering precompiled user dll's ...
Registered in 0.004339 seconds.
Begin MonoManager ReloadAssembly
Native extension for WindowsStandalone target not found
Refreshing native plugins compatible for Editor in 0.61 ms, found 3 plugins.
Preloading 0 native plugins for Editor in 0.00 ms.
Mono: successfully reloaded assembly
- Completed reload, in  1.049 seconds
Platform modules already initialized, skipping
Shader 'Universal Render Pipeline/Particles/Lit': fallback shader 'Universal Render Pipeline/Particles/SimpleLit' not found
Shader 'Universal Render Pipeline/Particles/Lit': fallback shader 'Universal Render Pipeline/Particles/SimpleLit' not found
Refreshing native plugins compatible for Editor in 0.60 ms, found 3 plugins.
Preloading 0 native plugins for Editor in 0.00 ms.
Unloading 3304 Unused Serialized files (Serialized files now loaded: 0)
System memory in use before: 153.5 MB.
System memory in use after: 150.8 MB.

Unloading 51 unused Assets to reduce memory usage. Loaded Objects now: 3927.
Total: 3.812007 ms (FindLiveObjects: 0.308419 ms CreateObjectMapping: 0.123968 ms MarkObjects: 2.237854 ms  DeleteObjects: 1.129822 ms)

========================================================================
Received Prepare
Registering precompiled user dll's ...
Registered in 0.003746 seconds.
Begin MonoManager ReloadAssembly
Native extension for WindowsStandalone target not found
Refreshing native plugins compatible for Editor in 0.54 ms, found 3 plugins.
Preloading 0 native plugins for Editor in 0.00 ms.
Mono: successfully reloaded assembly
- Completed reload, in  0.898 seconds
Platform modules already initialized, skipping
Shader 'Universal Render Pipeline/Particles/Lit': fallback shader 'Universal Render Pipeline/Particles/SimpleLit' not found
Shader 'Universal Render Pipeline/Particles/Lit': fallback shader 'Universal Render Pipeline/Particles/SimpleLit' not found
Refreshing native plugins compatible for Editor in 0.50 ms, found 3 plugins.
Preloading 0 native plugins for Editor in 0.00 ms.
Unloading 3304 Unused Serialized files (Serialized files now loaded: 0)
System memory in use before: 153.4 MB.
System memory in use after: 150.8 MB.

Unloading 51 unused Assets to reduce memory usage. Loaded Objects now: 3931.
Total: 2.963575 ms (FindLiveObjects: 0.265467 ms CreateObjectMapping: 0.105041 ms MarkObjects: 1.856940 ms  DeleteObjects: 0.731448 ms)

========================================================================
Received Prepare
Registering precompiled user dll's ...
Registered in 0.003739 seconds.
Begin MonoManager ReloadAssembly
Native extension for WindowsStandalone target not found
Refreshing native plugins compatible for Editor in 0.57 ms, found 3 plugins.
Preloading 0 native plugins for Editor in 0.00 ms.
Mono: successfully reloaded assembly
- Completed reload, in  0.897 seconds
Platform modules already initialized, skipping
Shader 'Universal Render Pipeline/Particles/Lit': fallback shader 'Universal Render Pipeline/Particles/SimpleLit' not found
Shader 'Universal Render Pipeline/Particles/Lit': fallback shader 'Universal Render Pipeline/Particles/SimpleLit' not found
Refreshing native plugins compatible for Editor in 0.51 ms, found 3 plugins.
Preloading 0 native plugins for Editor in 0.00 ms.
Unloading 3304 Unused Serialized files (Serialized files now loaded: 0)
System memory in use before: 153.4 MB.
System memory in use after: 150.8 MB.

Unloading 51 unused Assets to reduce memory usage. Loaded Objects now: 3935.
Total: 2.868102 ms (FindLiveObjects: 0.247448 ms CreateObjectMapping: 0.079479 ms MarkObjects: 1.782699 ms  DeleteObjects: 0.753238 ms)

========================================================================
Received Import Request.
  Time since last request: 1838.553540 seconds.
  path: Assets/Animation/Player.controller
  artifactKey: Guid(90f82ec06cb8e1b49b88820198acf350) Importer(815301076,1909f56bfc062723c751e8b465ee728b)
Start importing Assets/Animation/Player.controller using Guid(90f82ec06cb8e1b49b88820198acf350) Importer(815301076,1909f56bfc062723c751e8b465ee728b)  -> (artifact id: 'baf11183bade9550037db5c63b4a716e') in 0.014860 seconds
  Import took 0.018922 seconds .

========================================================================
Received Import Request.
  Time since last request: 27.105232 seconds.
  path: Assets/Animation/Player.controller
  artifactKey: Guid(90f82ec06cb8e1b49b88820198acf350) Importer(815301076,1909f56bfc062723c751e8b465ee728b)
Start importing Assets/Animation/Player.controller using Guid(90f82ec06cb8e1b49b88820198acf350) Importer(815301076,1909f56bfc062723c751e8b465ee728b)  -> (artifact id: 'c31e4b00ef0ddf6c382d57cf4b7ff1ea') in 0.004234 seconds
  Import took 0.008202 seconds .

========================================================================
Received Prepare
Registering precompiled user dll's ...
Registered in 0.003622 seconds.
Begin MonoManager ReloadAssembly
Native extension for WindowsStandalone target not found
Refreshing native plugins compatible for Editor in 0.55 ms, found 3 plugins.
Preloading 0 native plugins for Editor in 0.00 ms.
Mono: successfully reloaded assembly
- Completed reload, in  0.907 seconds
Platform modules already initialized, skipping
Shader 'Universal Render Pipeline/Particles/Lit': fallback shader 'Universal Render Pipeline/Particles/SimpleLit' not found
Shader 'Universal Render Pipeline/Particles/Lit': fallback shader 'Universal Render Pipeline/Particles/SimpleLit' not found
Refreshing native plugins compatible for Editor in 0.55 ms, found 3 plugins.
Preloading 0 native plugins for Editor in 0.00 ms.
Unloading 3304 Unused Serialized files (Serialized files now loaded: 0)
System memory in use before: 153.4 MB.
System memory in use after: 150.8 MB.

Unloading 51 unused Assets to reduce memory usage. Loaded Objects now: 3939.
Total: 3.335061 ms (FindLiveObjects: 0.298083 ms CreateObjectMapping: 0.126273 ms MarkObjects: 1.888718 ms  DeleteObjects: 1.016749 ms)

========================================================================
Received Prepare
Registering precompiled user dll's ...
Registered in 0.003812 seconds.
Begin MonoManager ReloadAssembly
Native extension for WindowsStandalone target not found
Refreshing native plugins compatible for Editor in 0.55 ms, found 3 plugins.
Preloading 0 native plugins for Editor in 0.00 ms.
Mono: successfully reloaded assembly
- Completed reload, in  0.931 seconds
Platform modules already initialized, skipping
Shader 'Universal Render Pipeline/Particles/Lit': fallback shader 'Universal Render Pipeline/Particles/SimpleLit' not found
Shader 'Universal Render Pipeline/Particles/Lit': fallback shader 'Universal Render Pipeline/Particles/SimpleLit' not found
Refreshing native plugins compatible for Editor in 0.53 ms, found 3 plugins.
Preloading 0 native plugins for Editor in 0.00 ms.
Unloading 3304 Unused Serialized files (Serialized files now loaded: 0)
System memory in use before: 153.4 MB.
System memory in use after: 150.8 MB.

Unloading 51 unused Assets to reduce memory usage. Loaded Objects now: 3943.
Total: 3.221429 ms (FindLiveObjects: 0.278108 ms CreateObjectMapping: 0.109790 ms MarkObjects: 1.947803 ms  DeleteObjects: 0.880978 ms)

========================================================================
Received Prepare
Registering precompiled user dll's ...
Registered in 0.003810 seconds.
Begin MonoManager ReloadAssembly
Native extension for WindowsStandalone target not found
Refreshing native plugins compatible for Editor in 0.55 ms, found 3 plugins.
Preloading 0 native plugins for Editor in 0.00 ms.
Mono: successfully reloaded assembly
- Completed reload, in  0.908 seconds
Platform modules already initialized, skipping
Shader 'Universal Render Pipeline/Particles/Lit': fallback shader 'Universal Render Pipeline/Particles/SimpleLit' not found
Shader 'Universal Render Pipeline/Particles/Lit': fallback shader 'Universal Render Pipeline/Particles/SimpleLit' not found
Refreshing native plugins compatible for Editor in 0.55 ms, found 3 plugins.
Preloading 0 native plugins for Editor in 0.00 ms.
Unloading 3304 Unused Serialized files (Serialized files now loaded: 0)
System memory in use before: 153.5 MB.
System memory in use after: 150.8 MB.

Unloading 51 unused Assets to reduce memory usage. Loaded Objects now: 3947.
Total: 3.343581 ms (FindLiveObjects: 0.294241 ms CreateObjectMapping: 0.114959 ms MarkObjects: 1.914210 ms  DeleteObjects: 1.014864 ms)

========================================================================
Received Prepare
Registering precompiled user dll's ...
Registered in 0.003778 seconds.
Begin MonoManager ReloadAssembly
Native extension for WindowsStandalone target not found
Refreshing native plugins compatible for Editor in 0.54 ms, found 3 plugins.
Preloading 0 native plugins for Editor in 0.00 ms.
Mono: successfully reloaded assembly
- Completed reload, in  0.894 seconds
Platform modules already initialized, skipping
Shader 'Universal Render Pipeline/Particles/Lit': fallback shader 'Universal Render Pipeline/Particles/SimpleLit' not found
Shader 'Universal Render Pipeline/Particles/Lit': fallback shader 'Universal Render Pipeline/Particles/SimpleLit' not found
Refreshing native plugins compatible for Editor in 0.50 ms, found 3 plugins.
Preloading 0 native plugins for Editor in 0.00 ms.
Unloading 3304 Unused Serialized files (Serialized files now loaded: 0)
System memory in use before: 153.5 MB.
System memory in use after: 150.9 MB.

Unloading 51 unused Assets to reduce memory usage. Loaded Objects now: 3951.
Total: 3.137759 ms (FindLiveObjects: 0.248914 ms CreateObjectMapping: 0.096451 ms MarkObjects: 1.897168 ms  DeleteObjects: 0.889429 ms)

========================================================================
Received Prepare
Registering precompiled user dll's ...
Registered in 0.003815 seconds.
Begin MonoManager ReloadAssembly
Native extension for WindowsStandalone target not found
Refreshing native plugins compatible for Editor in 0.55 ms, found 3 plugins.
Preloading 0 native plugins for Editor in 0.00 ms.
Mono: successfully reloaded assembly
- Completed reload, in  0.893 seconds
Platform modules already initialized, skipping
Shader 'Universal Render Pipeline/Particles/Lit': fallback shader 'Universal Render Pipeline/Particles/SimpleLit' not found
Shader 'Universal Render Pipeline/Particles/Lit': fallback shader 'Universal Render Pipeline/Particles/SimpleLit' not found
Refreshing native plugins compatible for Editor in 0.50 ms, found 3 plugins.
Preloading 0 native plugins for Editor in 0.00 ms.
Unloading 3304 Unused Serialized files (Serialized files now loaded: 0)
System memory in use before: 153.5 MB.
System memory in use after: 150.9 MB.

Unloading 51 unused Assets to reduce memory usage. Loaded Objects now: 3955.
Total: 3.007645 ms (FindLiveObjects: 0.268749 ms CreateObjectMapping: 0.103086 ms MarkObjects: 1.927899 ms  DeleteObjects: 0.702603 ms)

========================================================================
Received Prepare
Registering precompiled user dll's ...
Registered in 0.003633 seconds.
Begin MonoManager ReloadAssembly
Native extension for WindowsStandalone target not found
Refreshing native plugins compatible for Editor in 0.55 ms, found 3 plugins.
Preloading 0 native plugins for Editor in 0.00 ms.
Mono: successfully reloaded assembly
- Completed reload, in  0.883 seconds
Platform modules already initialized, skipping
Shader 'Universal Render Pipeline/Particles/Lit': fallback shader 'Universal Render Pipeline/Particles/SimpleLit' not found
Shader 'Universal Render Pipeline/Particles/Lit': fallback shader 'Universal Render Pipeline/Particles/SimpleLit' not found
Refreshing native plugins compatible for Editor in 0.50 ms, found 3 plugins.
Preloading 0 native plugins for Editor in 0.00 ms.
Unloading 3304 Unused Serialized files (Serialized files now loaded: 0)
System memory in use before: 153.5 MB.
System memory in use after: 150.9 MB.

Unloading 51 unused Assets to reduce memory usage. Loaded Objects now: 3959.
Total: 2.981594 ms (FindLiveObjects: 0.256876 ms CreateObjectMapping: 0.096451 ms MarkObjects: 1.834730 ms  DeleteObjects: 0.788229 ms)

========================================================================
Received Prepare
Registering precompiled user dll's ...
Registered in 0.004009 seconds.
Begin MonoManager ReloadAssembly
Native extension for WindowsStandalone target not found
Refreshing native plugins compatible for Editor in 0.57 ms, found 3 plugins.
Preloading 0 native plugins for Editor in 0.00 ms.
Mono: successfully reloaded assembly
- Completed reload, in  0.952 seconds
Platform modules already initialized, skipping
Shader 'Universal Render Pipeline/Particles/Lit': fallback shader 'Universal Render Pipeline/Particles/SimpleLit' not found
Shader 'Universal Render Pipeline/Particles/Lit': fallback shader 'Universal Render Pipeline/Particles/SimpleLit' not found
Refreshing native plugins compatible for Editor in 0.57 ms, found 3 plugins.
Preloading 0 native plugins for Editor in 0.00 ms.
Unloading 3304 Unused Serialized files (Serialized files now loaded: 0)
System memory in use before: 153.5 MB.
System memory in use after: 150.9 MB.

Unloading 51 unused Assets to reduce memory usage. Loaded Objects now: 3963.
Total: 3.506800 ms (FindLiveObjects: 0.289492 ms CreateObjectMapping: 0.132000 ms MarkObjects: 1.973854 ms  DeleteObjects: 1.107124 ms)

========================================================================
Received Prepare
Registering precompiled user dll's ...
Registered in 0.003700 seconds.
Begin MonoManager ReloadAssembly
Native extension for WindowsStandalone target not found
Refreshing native plugins compatible for Editor in 0.57 ms, found 3 plugins.
Preloading 0 native plugins for Editor in 0.00 ms.
Mono: successfully reloaded assembly
- Completed reload, in  0.946 seconds
Platform modules already initialized, skipping
Shader 'Universal Render Pipeline/Particles/Lit': fallback shader 'Universal Render Pipeline/Particles/SimpleLit' not found
Shader 'Universal Render Pipeline/Particles/Lit': fallback shader 'Universal Render Pipeline/Particles/SimpleLit' not found
Refreshing native plugins compatible for Editor in 0.53 ms, found 3 plugins.
Preloading 0 native plugins for Editor in 0.00 ms.
Unloading 3304 Unused Serialized files (Serialized files now loaded: 0)
System memory in use before: 153.6 MB.
System memory in use after: 150.9 MB.

Unloading 51 unused Assets to reduce memory usage. Loaded Objects now: 3967.
Total: 3.542699 ms (FindLiveObjects: 0.287606 ms CreateObjectMapping: 0.133397 ms MarkObjects: 2.118635 ms  DeleteObjects: 0.998730 ms)

========================================================================
Received Prepare
Registering precompiled user dll's ...
Registered in 0.003991 seconds.
Begin MonoManager ReloadAssembly
Native extension for WindowsStandalone target not found
Refreshing native plugins compatible for Editor in 0.56 ms, found 3 plugins.
Preloading 0 native plugins for Editor in 0.00 ms.
Mono: successfully reloaded assembly
- Completed reload, in  0.911 seconds
Platform modules already initialized, skipping
Shader 'Universal Render Pipeline/Particles/Lit': fallback shader 'Universal Render Pipeline/Particles/SimpleLit' not found
Shader 'Universal Render Pipeline/Particles/Lit': fallback shader 'Universal Render Pipeline/Particles/SimpleLit' not found
Refreshing native plugins compatible for Editor in 0.53 ms, found 3 plugins.
Preloading 0 native plugins for Editor in 0.00 ms.
Unloading 3304 Unused Serialized files (Serialized files now loaded: 0)
System memory in use before: 153.5 MB.
System memory in use after: 150.9 MB.

Unloading 51 unused Assets to reduce memory usage. Loaded Objects now: 3971.
Total: 3.229531 ms (FindLiveObjects: 0.265886 ms CreateObjectMapping: 0.097429 ms MarkObjects: 1.983772 ms  DeleteObjects: 0.876718 ms)

========================================================================
Received Prepare
Registering precompiled user dll's ...
Registered in 0.005542 seconds.
Begin MonoManager ReloadAssembly
Native extension for WindowsStandalone target not found
Refreshing native plugins compatible for Editor in 0.54 ms, found 3 plugins.
Preloading 0 native plugins for Editor in 0.00 ms.
Mono: successfully reloaded assembly
- Completed reload, in  0.874 seconds
Platform modules already initialized, skipping
Shader 'Universal Render Pipeline/Particles/Lit': fallback shader 'Universal Render Pipeline/Particles/SimpleLit' not found
Shader 'Universal Render Pipeline/Particles/Lit': fallback shader 'Universal Render Pipeline/Particles/SimpleLit' not found
Refreshing native plugins compatible for Editor in 0.48 ms, found 3 plugins.
Preloading 0 native plugins for Editor in 0.00 ms.
Unloading 3304 Unused Serialized files (Serialized files now loaded: 0)
System memory in use before: 153.6 MB.
System memory in use after: 150.9 MB.

Unloading 51 unused Assets to reduce memory usage. Loaded Objects now: 3975.
Total: 2.824521 ms (FindLiveObjects: 0.241721 ms CreateObjectMapping: 0.079130 ms MarkObjects: 1.780324 ms  DeleteObjects: 0.718178 ms)

AssetImportWorkerClient::OnTransportError - code=2 error=End of file
